Сборка начата 19.03.2023 21:51:06.
Уровень детализации журнала: Normal.     1>Проект "C:\Users\User\Desktop\ОКГ\Lab02\lab3\Lab01\Lab01.vcxproj" в узле 2 (целевые объекты Build).
     1>InitializeBuildStatus:
         Создание "x64\Debug\Lab03.tlog\unsuccessfulbuild", так как было задано "AlwaysCreate".
       ClCompile:
         Для всех выходных данных обновления не требуется.
         C:\Program Files\Microsoft Visual Studio\2022\Community\VC\Tools\MSVC\14.30.30705\bin\HostX64\x64\CL.exe /c /ZI /JMC /nologo /W3 /WX- /diagnostics:column /sdl /Od /D _WINDOWS /D _DEBUG /D _UNICODE /D UNICODE /D _AFXDLL /Gm- /EHsc /RTC1 /MDd /GS /fp:precise /Zc:wchar_t /Zc:forScope /Zc:inline /Yu"stdafx.h" /Fp"x64\Debug\Lab03.pch" /Fo"x64\Debug\\" /Fd"x64\Debug\vc143.pdb" /external:W3 /Gd /TP /FC /errorReport:prompt ChildView.cpp
         ChildView.cpp
     1>C:\Users\User\Desktop\ОКГ\Lab02\lab3\Lab01\ChildView.cpp(69,8): warning C4244: инициализация: преобразование "double" в "int", возможна потеря данных
     1>C:\Users\User\Desktop\ОКГ\Lab02\lab3\Lab01\ChildView.cpp(95,8): warning C4244: инициализация: преобразование "double" в "int", возможна потеря данных
     1>C:\Users\User\Desktop\ОКГ\Lab02\lab3\Lab01\ChildView.cpp(124,8): warning C4244: инициализация: преобразование "double" в "int", возможна потеря данных
     1>C:\Users\User\Desktop\ОКГ\Lab02\lab3\Lab01\ChildView.cpp(146,16): warning C4244: =: преобразование "double" в "int", возможна потеря данных
       ResourceCompile:
         Для всех выходных данных обновления не требуется.
       Link:
         C:\Program Files\Microsoft Visual Studio\2022\Community\VC\Tools\MSVC\14.30.30705\bin\HostX64\x64\link.exe /ERRORREPORT:PROMPT /OUT:"C:\Users\User\Desktop\ОКГ\Lab02\lab3\x64\Debug\Lab03.exe" /INCREMENTAL /ILK:"x64\Debug\Lab03.ilk" /NOLOGO /MANIFEST /MANIFESTUAC:"level='asInvoker' uiAccess='false'" /manifest:embed /manifestinput:"C:\Program Files\Microsoft Visual Studio\2022\Community\VC\Tools\MSVC\14.30.30705\Include\Manifest\dpiaware.manifest" /DEBUG:FULL /PDB:"C:\Users\User\Desktop\ОКГ\Lab02\lab3\x64\Debug\Lab03.pdb" /SUBSYSTEM:WINDOWS /TLBID:1 /ENTRY:"wWinMainCRTStartup" /DYNAMICBASE /NXCOMPAT /IMPLIB:"C:\Users\User\Desktop\ОКГ\Lab02\lab3\x64\Debug\Lab03.lib" /MACHINE:X64 x64\Debug\Lab01.res
         x64\Debug\ChildView.obj
         x64\Debug\CMatrix.obj
         x64\Debug\Lab02.obj
         x64\Debug\LibChart2D.obj
         x64\Debug\MainFrm.obj
         x64\Debug\stdafx.obj
         Lab01.vcxproj -> C:\Users\User\Desktop\ОКГ\Lab02\lab3\x64\Debug\Lab03.exe
       FinalizeBuildStatus:
         Файл "x64\Debug\Lab03.tlog\unsuccessfulbuild" удаляется.
         Обращение к "x64\Debug\Lab03.tlog\Lab03.lastbuildstate".
     1>Сборка проекта "C:\Users\User\Desktop\ОКГ\Lab02\lab3\Lab01\Lab01.vcxproj" завершена (целевые объекты Build).

Сборка успешно завершена.

       "C:\Users\User\Desktop\ОКГ\Lab02\lab3\Lab01\Lab01.vcxproj" (целевой объект Build ) (1) ->
       (Целевой объект ClCompile) -> 
         C:\Users\User\Desktop\ОКГ\Lab02\lab3\Lab01\ChildView.cpp(69,8): warning C4244: инициализация: преобразование "double" в "int", возможна потеря данных
         C:\Users\User\Desktop\ОКГ\Lab02\lab3\Lab01\ChildView.cpp(95,8): warning C4244: инициализация: преобразование "double" в "int", возможна потеря данных
         C:\Users\User\Desktop\ОКГ\Lab02\lab3\Lab01\ChildView.cpp(124,8): warning C4244: инициализация: преобразование "double" в "int", возможна потеря данных
         C:\Users\User\Desktop\ОКГ\Lab02\lab3\Lab01\ChildView.cpp(146,16): warning C4244: =: преобразование "double" в "int", возможна потеря данных

    Предупреждений: 4
    Ошибок: 0

Прошло времени 00:00:00.35
