Сборка начата 22.02.2023 15:08:10.
Уровень детализации журнала: Normal.     1>Проект "C:\Users\User\Desktop\ОКГ\Lab01\KGIG_1\Win32Project1\Win32Project1.vcxproj" в узле 2 (целевые объекты Build).
     1>InitializeBuildStatus:
         Создание "Debug\Win32Project1.tlog\unsuccessfulbuild", так как было задано "AlwaysCreate".
       ClCompile:
         C:\Program Files\Microsoft Visual Studio\2022\Community\VC\Tools\MSVC\14.30.30705\bin\HostX86\x86\CL.exe /c /ZI /JMC /nologo /W3 /WX- /diagnostics:column /sdl /Od /Oy- /D _CRT_SECURE_NO_WARNINGS /D WIN32 /D _DEBUG /D _WINDOWS /D _UNICODE /D UNICODE /D _AFXDLL /Gm- /EHsc /RTC1 /MDd /GS /fp:precise /Zc:wchar_t /Zc:forScope /Zc:inline /Fo"Debug\\" /Fd"Debug\vc143.pdb" /external:W3 /Gd /TP /analyze- /FC /errorReport:prompt L1.cpp
         L1.cpp
         _WIN32_WINNT not defined. Defaulting to _WIN32_WINNT_MAXVER (see WinSDKVer.h)
       Link:
         C:\Program Files\Microsoft Visual Studio\2022\Community\VC\Tools\MSVC\14.30.30705\bin\HostX86\x86\link.exe /ERRORREPORT:PROMPT /OUT:"C:\Users\User\Desktop\ОКГ\Lab01\KGIG_1\Debug\Win32Project1.exe" /INCREMENTAL /ILK:"Debug\Win32Project1.ilk" /NOLOGO /MANIFEST /MANIFESTUAC:"level='asInvoker' uiAccess='false'" /manifest:embed /manifestinput:"C:\Program Files\Microsoft Visual Studio\2022\Community\VC\Tools\MSVC\14.30.30705\Include\Manifest\dpiaware.manifest" /DEBUG /PDB:"C:\Users\User\Desktop\ОКГ\Lab01\KGIG_1\Debug\Win32Project1.pdb" /SUBSYSTEM:WINDOWS /TLBID:1 /ENTRY:"wWinMainCRTStartup" /DYNAMICBASE /NXCOMPAT /IMPLIB:"C:\Users\User\Desktop\ОКГ\Lab01\KGIG_1\Debug\Win32Project1.lib" /MACHINE:X86 Debug\CMatrix.obj
         Debug\L1.obj
         Debug\LibGraph.obj
         Win32Project1.vcxproj -> C:\Users\User\Desktop\ОКГ\Lab01\KGIG_1\Debug\Win32Project1.exe
       FinalizeBuildStatus:
         Файл "Debug\Win32Project1.tlog\unsuccessfulbuild" удаляется.
         Обращение к "Debug\Win32Project1.tlog\Win32Project1.lastbuildstate".
     1>Сборка проекта "C:\Users\User\Desktop\ОКГ\Lab01\KGIG_1\Win32Project1\Win32Project1.vcxproj" завершена (целевые объекты Build).

Сборка успешно завершена.
    Предупреждений: 0
    Ошибок: 0

Прошло времени 00:00:01.52
